{"D:\\projects\\aakscience-test\\src\\components\\SignUpForm.jsx": {"path":"D:\\projects\\aakscience-test\\src\\components\\SignUpForm.jsx","statementMap":{"0":{"start":{"line":8,"column":21},"end":{"line":15,"column":1}},"1":{"start":{"line":17,"column":19},"end":{"line":140,"column":1}},"2":{"start":{"line":18,"column":26},"end":{"line":18,"column":48}},"3":{"start":{"line":19,"column":19},"end":{"line":19,"column":32}},"4":{"start":{"line":21,"column":23},"end":{"line":23,"column":3}},"5":{"start":{"line":22,"column":4},"end":{"line":22,"column":58}},"6":{"start":{"line":25,"column":23},"end":{"line":34,"column":3}},"7":{"start":{"line":26,"column":4},"end":{"line":26,"column":23}},"8":{"start":{"line":27,"column":4},"end":{"line":27,"column":31}},"9":{"start":{"line":28,"column":4},"end":{"line":28,"column":26}},"10":{"start":{"line":29,"column":4},"end":{"line":33,"column":7}},"11":{"start":{"line":37,"column":4},"end":{"line":37,"column":94}},"12":{"start":{"line":38,"column":23},"end":{"line":38,"column":70}},"13":{"start":{"line":39,"column":2},"end":{"line":139,"column":4}}},"fnMap":{"0":{"name":"(anonymous_0)","decl":{"start":{"line":17,"column":19},"end":{"line":17,"column":20}},"loc":{"start":{"line":17,"column":25},"end":{"line":140,"column":1}},"line":17},"1":{"name":"(anonymous_1)","decl":{"start":{"line":21,"column":23},"end":{"line":21,"column":24}},"loc":{"start":{"line":21,"column":30},"end":{"line":23,"column":3}},"line":21},"2":{"name":"(anonymous_2)","decl":{"start":{"line":25,"column":23},"end":{"line":25,"column":24}},"loc":{"start":{"line":25,"column":30},"end":{"line":34,"column":3}},"line":25}},"branchMap":{},"s":{"0":1,"1":1,"2":9,"3":9,"4":9,"5":6,"6":9,"7":1,"8":1,"9":1,"10":1,"11":9,"12":9,"13":9},"f":{"0":9,"1":6,"2":1},"b":{},"_coverageSchema":"1a1c01bbd47fc00a2c39e90264f33305004495a9","hash":"09dc8d485c0cc6bd44be77e7cb61361b04a0a983"}
}
